<?xml version="1.0" encoding="UTF-8"?>
<!-- Generated by org.testng.reporters.JUnitReportReporter -->
<testsuite hostname="DESKTOP-A3145QO" failures="0" tests="2" name="swagLabs02_Tests.A05_OverviewTest" time="0.383" errors="0" timestamp="2024-07-07T12:12:33 IST" skipped="0">
  <testcase classname="swagLabs02_Tests.A05_OverviewTest" name="getDetails" time="0.067"/>
  <system-out/>
  <testcase classname="swagLabs02_Tests.A05_OverviewTest" name="finish" time="0.316"/>
  <system-out/>
</testsuite> <!-- swagLabs02_Tests.A05_OverviewTest -->
