<?xml version="1.0" encoding="UTF-8"?>
<!-- Generated by org.testng.reporters.JUnitReportReporter -->
<testsuite hostname="DESKTOP-A3145QO" failures="0" tests="2" name="swagLabs02_Tests.A05_OverviewTest" time="0.330" errors="0" timestamp="2024-07-19T11:45:30 IST" skipped="0">
  <testcase classname="swagLabs02_Tests.A05_OverviewTest" name="getDetails" time="0.072"/>
  <system-out/>
  <testcase classname="swagLabs02_Tests.A05_OverviewTest" name="finish" time="0.258"/>
  <system-out/>
</testsuite> <!-- swagLabs02_Tests.A05_OverviewTest -->
