<?xml version="1.0" encoding="UTF-8"?>
<!-- Generated by org.testng.reporters.JUnitReportReporter -->
<testsuite hostname="DESKTOP-A3145QO" failures="0" tests="4" name="swagLabs02_Tests.A03_CartTest" time="1.391" errors="0" timestamp="2024-07-07T12:12:33 IST" skipped="0">
  <testcase classname="swagLabs02_Tests.A03_CartTest" name="prodDesc" time="0.067"/>
  <system-out/>
  <testcase classname="swagLabs02_Tests.A03_CartTest" name="remProd" time="0.228"/>
  <system-out/>
  <testcase classname="swagLabs02_Tests.A03_CartTest" name="continueShop" time="0.816"/>
  <system-out/>
  <testcase classname="swagLabs02_Tests.A03_CartTest" name="checkoutPro" time="0.280"/>
  <system-out/>
</testsuite> <!-- swagLabs02_Tests.A03_CartTest -->
