<?xml version="1.0" encoding="UTF-8"?>
<!-- Generated by org.testng.reporters.JUnitReportReporter -->
<testsuite hostname="DESKTOP-A3145QO" failures="0" tests="4" name="swagLabs02_Tests.A02_InventoryTest" time="0.810" errors="0" timestamp="2024-07-19T11:45:30 IST" skipped="0">
  <testcase classname="swagLabs02_Tests.A02_InventoryTest" name="getCount" time="0.045"/>
  <system-out/>
  <testcase classname="swagLabs02_Tests.A02_InventoryTest" name="getprodNames" time="0.172"/>
  <system-out/>
  <testcase classname="swagLabs02_Tests.A02_InventoryTest" name="addCart" time="0.484"/>
  <system-out/>
  <testcase classname="swagLabs02_Tests.A02_InventoryTest" name="openCart" time="0.109"/>
  <system-out/>
</testsuite> <!-- swagLabs02_Tests.A02_InventoryTest -->
