<?xml version="1.0" encoding="UTF-8"?>
<!-- Generated by org.testng.reporters.JUnitReportReporter -->
<testsuite hostname="DESKTOP-A3145QO" failures="0" tests="4" name="swagLabs02_Tests.A02_InventoryTest" time="0.600" errors="0" timestamp="2024-07-06T18:35:06 IST" skipped="0">
  <testcase classname="swagLabs02_Tests.A02_InventoryTest" name="getCount" time="0.043"/>
  <system-out/>
  <testcase classname="swagLabs02_Tests.A02_InventoryTest" name="getprodNames" time="0.158"/>
  <system-out/>
  <testcase classname="swagLabs02_Tests.A02_InventoryTest" name="addCart" time="0.298"/>
  <system-out/>
  <testcase classname="swagLabs02_Tests.A02_InventoryTest" name="openCart" time="0.101"/>
  <system-out/>
</testsuite> <!-- swagLabs02_Tests.A02_InventoryTest -->
