<?xml version="1.0" encoding="UTF-8"?>
<!-- Generated by org.testng.reporters.JUnitReportReporter -->
<testsuite hostname="DESKTOP-A3145QO" failures="0" tests="3" name="swagLabs02_Tests.A04_CheckoutTest" time="0.733" errors="0" timestamp="2024-07-06T18:35:06 IST" skipped="0">
  <testcase classname="swagLabs02_Tests.A04_CheckoutTest" name="checkTitle" time="0.038"/>
  <system-out/>
  <testcase classname="swagLabs02_Tests.A04_CheckoutTest" name="cancelCheckout" time="0.107"/>
  <system-out/>
  <testcase classname="swagLabs02_Tests.A04_CheckoutTest" name="continueCheckout" time="0.588"/>
  <system-out/>
</testsuite> <!-- swagLabs02_Tests.A04_CheckoutTest -->
