<?xml version="1.0" encoding="UTF-8"?>
<!-- Generated by org.testng.reporters.JUnitReportReporter -->
<testsuite hostname="DESKTOP-A3145QO" failures="0" tests="2" name="swagLabs02_Tests.A05_OverviewTest" time="0.201" errors="0" timestamp="2024-07-05T10:35:27 IST" skipped="0">
  <testcase classname="swagLabs02_Tests.A05_OverviewTest" name="getDetails" time="0.051"/>
  <system-out/>
  <testcase classname="swagLabs02_Tests.A05_OverviewTest" name="finish" time="0.150"/>
  <system-out/>
</testsuite> <!-- swagLabs02_Tests.A05_OverviewTest -->
