<?xml version="1.0" encoding="UTF-8"?>
<!-- Generated by org.testng.reporters.JUnitReportReporter -->
<testsuite hostname="DESKTOP-A3145QO" failures="0" tests="3" name="swagLabs02_Tests.A01_LoginTest" time="1.349" errors="0" timestamp="2024-07-19T11:45:30 IST" skipped="0">
  <testcase classname="swagLabs02_Tests.A01_LoginTest" name="verifyUrl" time="0.137"/>
  <system-out/>
  <testcase classname="swagLabs02_Tests.A01_LoginTest" name="verifyTitle" time="0.027"/>
  <system-out/>
  <testcase classname="swagLabs02_Tests.A01_LoginTest" name="login" time="1.185"/>
  <system-out/>
</testsuite> <!-- swagLabs02_Tests.A01_LoginTest -->
