<?xml version="1.0" encoding="UTF-8"?>
<!-- Generated by org.testng.reporters.JUnitReportReporter -->
<testsuite hostname="DESKTOP-A3145QO" failures="0" tests="4" name="swagLabs02_Tests.A02_InventoryTest" time="0.775" errors="0" timestamp="2024-07-16T14:00:49 IST" skipped="0">
  <testcase classname="swagLabs02_Tests.A02_InventoryTest" name="getCount" time="0.043"/>
  <system-out/>
  <testcase classname="swagLabs02_Tests.A02_InventoryTest" name="getprodNames" time="0.151"/>
  <system-out/>
  <testcase classname="swagLabs02_Tests.A02_InventoryTest" name="addCart" time="0.471"/>
  <system-out/>
  <testcase classname="swagLabs02_Tests.A02_InventoryTest" name="openCart" time="0.110"/>
  <system-out/>
</testsuite> <!-- swagLabs02_Tests.A02_InventoryTest -->
