<?xml version="1.0" encoding="UTF-8"?>
<!-- Generated by org.testng.reporters.JUnitReportReporter -->
<testsuite hostname="DESKTOP-A3145QO" failures="0" tests="4" name="swagLabs02_Tests.A02_InventoryTest" time="0.558" errors="0" timestamp="2024-07-05T10:35:27 IST" skipped="0">
  <testcase classname="swagLabs02_Tests.A02_InventoryTest" name="getCount" time="0.036"/>
  <system-out/>
  <testcase classname="swagLabs02_Tests.A02_InventoryTest" name="getprodNames" time="0.149"/>
  <system-out/>
  <testcase classname="swagLabs02_Tests.A02_InventoryTest" name="addCart" time="0.273"/>
  <system-out/>
  <testcase classname="swagLabs02_Tests.A02_InventoryTest" name="openCart" time="0.100"/>
  <system-out/>
</testsuite> <!-- swagLabs02_Tests.A02_InventoryTest -->
