<?xml version="1.0" encoding="UTF-8"?>
<!-- Generated by org.testng.reporters.JUnitReportReporter -->
<testsuite hostname="DESKTOP-A3145QO" failures="0" tests="4" name="swagLabs02_Tests.A03_CartTest" time="1.016" errors="0" timestamp="2024-07-16T14:00:49 IST" skipped="0">
  <testcase classname="swagLabs02_Tests.A03_CartTest" name="prodDesc" time="0.051"/>
  <system-out/>
  <testcase classname="swagLabs02_Tests.A03_CartTest" name="remProd" time="0.192"/>
  <system-out/>
  <testcase classname="swagLabs02_Tests.A03_CartTest" name="continueShop" time="0.557"/>
  <system-out/>
  <testcase classname="swagLabs02_Tests.A03_CartTest" name="checkoutPro" time="0.216"/>
  <system-out/>
</testsuite> <!-- swagLabs02_Tests.A03_CartTest -->
