<?xml version="1.0" encoding="UTF-8"?>
<!-- Generated by org.testng.reporters.JUnitReportReporter -->
<testsuite hostname="DESKTOP-A3145QO" failures="0" tests="3" name="swagLabs02_Tests.A04_CheckoutTest" time="1.173" errors="0" timestamp="2024-07-07T12:12:33 IST" skipped="0">
  <testcase classname="swagLabs02_Tests.A04_CheckoutTest" name="checkTitle" time="0.047"/>
  <system-out/>
  <testcase classname="swagLabs02_Tests.A04_CheckoutTest" name="cancelCheckout" time="0.163"/>
  <system-out/>
  <testcase classname="swagLabs02_Tests.A04_CheckoutTest" name="continueCheckout" time="0.963"/>
  <system-out/>
</testsuite> <!-- swagLabs02_Tests.A04_CheckoutTest -->
