<?xml version="1.0" encoding="UTF-8"?>
<!-- Generated by org.testng.reporters.JUnitReportReporter -->
<testsuite hostname="DESKTOP-A3145QO" failures="0" tests="2" name="orangeHRM_PageFactory.A02_LoginTest" time="4.193" errors="0" timestamp="2024-07-06T14:40:20 IST" skipped="0">
  <testcase classname="orangeHRM_PageFactory.A02_LoginTest" name="verifyURL" time="2.129"/>
  <system-out/>
  <testcase classname="orangeHRM_PageFactory.A02_LoginTest" name="doLogin" time="2.064"/>
  <system-out/>
</testsuite> <!-- orangeHRM_PageFactory.A02_LoginTest -->
