<?xml version="1.0" encoding="UTF-8"?>
<!-- Generated by org.testng.reporters.JUnitReportReporter -->
<testsuite hostname="DESKTOP-A3145QO" failures="0" tests="4" name="swagLabs02_Tests.A03_CartTest" time="0.605" errors="0" timestamp="2024-07-04T20:56:58 IST" skipped="0">
  <testcase classname="swagLabs02_Tests.A03_CartTest" name="prodDesc" time="0.042"/>
  <system-out/>
  <testcase classname="swagLabs02_Tests.A03_CartTest" name="remProd" time="0.081"/>
  <system-out/>
  <testcase classname="swagLabs02_Tests.A03_CartTest" name="continueShop" time="0.387"/>
  <system-out/>
  <testcase classname="swagLabs02_Tests.A03_CartTest" name="checkoutPro" time="0.095"/>
  <system-out/>
</testsuite> <!-- swagLabs02_Tests.A03_CartTest -->
