<?xml version="1.0" encoding="UTF-8"?>
<!-- Generated by org.testng.reporters.JUnitReportReporter -->
<testsuite hostname="DESKTOP-A3145QO" failures="0" tests="4" name="swagLabs02_Tests.A02_InventoryTest" time="1.288" errors="0" timestamp="2024-07-07T12:12:33 IST" skipped="0">
  <testcase classname="swagLabs02_Tests.A02_InventoryTest" name="getCount" time="0.093"/>
  <system-out/>
  <testcase classname="swagLabs02_Tests.A02_InventoryTest" name="getprodNames" time="0.265"/>
  <system-out/>
  <testcase classname="swagLabs02_Tests.A02_InventoryTest" name="addCart" time="0.764"/>
  <system-out/>
  <testcase classname="swagLabs02_Tests.A02_InventoryTest" name="openCart" time="0.166"/>
  <system-out/>
</testsuite> <!-- swagLabs02_Tests.A02_InventoryTest -->
