<?xml version="1.0" encoding="UTF-8"?>
<!-- Generated by org.testng.reporters.JUnitReportReporter -->
<testsuite hostname="DESKTOP-A3145QO" failures="0" tests="4" name="swagLabs02_Tests.A03_CartTest" time="0.626" errors="0" timestamp="2024-07-05T10:35:27 IST" skipped="0">
  <testcase classname="swagLabs02_Tests.A03_CartTest" name="prodDesc" time="0.047"/>
  <system-out/>
  <testcase classname="swagLabs02_Tests.A03_CartTest" name="remProd" time="0.077"/>
  <system-out/>
  <testcase classname="swagLabs02_Tests.A03_CartTest" name="continueShop" time="0.402"/>
  <system-out/>
  <testcase classname="swagLabs02_Tests.A03_CartTest" name="checkoutPro" time="0.100"/>
  <system-out/>
</testsuite> <!-- swagLabs02_Tests.A03_CartTest -->
