<?xml version="1.0" encoding="UTF-8"?>
<!-- Generated by org.testng.reporters.JUnitReportReporter -->
<testsuite hostname="DESKTOP-A3145QO" failures="0" tests="3" name="swagLabs02_Tests.A01_LoginTest" time="0.574" errors="0" timestamp="2024-07-04T20:56:58 IST" skipped="0">
  <testcase classname="swagLabs02_Tests.A01_LoginTest" name="verifyUrl" time="0.036"/>
  <system-out/>
  <testcase classname="swagLabs02_Tests.A01_LoginTest" name="verifyTitle" time="0.015"/>
  <system-out/>
  <testcase classname="swagLabs02_Tests.A01_LoginTest" name="login" time="0.523"/>
  <system-out/>
</testsuite> <!-- swagLabs02_Tests.A01_LoginTest -->
