<?xml version="1.0" encoding="UTF-8"?>
<!-- Generated by org.testng.reporters.JUnitReportReporter -->
<testsuite hostname="DESKTOP-A3145QO" failures="0" tests="3" name="swagLabs02_Tests.A04_CheckoutTest" time="0.858" errors="0" timestamp="2024-07-17T18:45:09 IST" skipped="0">
  <testcase classname="swagLabs02_Tests.A04_CheckoutTest" name="checkTitle" time="0.041"/>
  <system-out/>
  <testcase classname="swagLabs02_Tests.A04_CheckoutTest" name="cancelCheckout" time="0.108"/>
  <system-out/>
  <testcase classname="swagLabs02_Tests.A04_CheckoutTest" name="continueCheckout" time="0.709"/>
  <system-out/>
</testsuite> <!-- swagLabs02_Tests.A04_CheckoutTest -->
