<?xml version="1.0" encoding="UTF-8"?>
<!-- Generated by org.testng.reporters.JUnitReportReporter -->
<testsuite hostname="DESKTOP-A3145QO" failures="0" tests="2" name="swagLabs02_Tests.A05_OverviewTest" time="0.336" errors="0" timestamp="2024-07-17T18:45:09 IST" skipped="0">
  <testcase classname="swagLabs02_Tests.A05_OverviewTest" name="getDetails" time="0.045"/>
  <system-out/>
  <testcase classname="swagLabs02_Tests.A05_OverviewTest" name="finish" time="0.291"/>
  <system-out/>
</testsuite> <!-- swagLabs02_Tests.A05_OverviewTest -->
